<?xml version="1.0"?>
<!DOCTYPE coverage SYSTEM "http://cobertura.sourceforge.net/xml/coverage-04.dtd">

<coverage line-rate="0.9655172413793104" branch-rate="1.0" lines-covered="56" lines-valid="58" branches-covered="4" branches-valid="4" complexity="1.0833333333333333" version="1.9.4.1" timestamp="1317201272298">
	<sources>
		<source>D:/technoMaker/WorkSpace/Location_velo/src/main/java</source>
		<source>--source</source>
	</sources>
	<packages>
		<package name="fr.norsys.formation.Location_velo.dao" line-rate="1.0" branch-rate="1.0" complexity="1.125">
			<classes>
				<class name="fr.norsys.formation.Location_velo.dao.ClientDAO" filename="fr/norsys/formation/Location_velo/dao/ClientDAO.java" line-rate="1.0" branch-rate="1.0" complexity="1.0">
					<methods>
					</methods>
					<lines>
					</lines>
				</class>
				<class name="fr.norsys.formation.Location_velo.dao.ClientDAOImpl" filename="fr/norsys/formation/Location_velo/dao/ClientDAOImpl.java" line-rate="1.0" branch-rate="1.0" complexity="1.2">
					<methods>
						<method name="&lt;init&gt;" signature="(Ljava/sql/Connection;)V" line-rate="1.0" branch-rate="1.0">
							<lines>
								<line number="16" hits="4" branch="false"/>
								<line number="17" hits="4" branch="false"/>
								<line number="18" hits="4" branch="false"/>
								<line number="23" hits="4" branch="false"/>
								<line number="24" hits="4" branch="false"/>
								<line number="25" hits="4" branch="false"/>
							</lines>
						</method>
						<method name="create" signature="(Lfr/norsys/formation/locationVelo/vo/Client;)V" line-rate="1.0" branch-rate="1.0">
							<lines>
								<line number="29" hits="1" branch="false"/>
								<line number="31" hits="1" branch="false"/>
								<line number="32" hits="1" branch="false"/>
								<line number="33" hits="1" branch="false"/>
								<line number="34" hits="1" branch="false"/>
								<line number="35" hits="1" branch="false"/>
								<line number="41" hits="1" branch="false"/>
							</lines>
						</method>
						<method name="delete" signature="(I)V" line-rate="1.0" branch-rate="1.0">
							<lines>
								<line number="72" hits="1" branch="false"/>
								<line number="73" hits="1" branch="false"/>
								<line number="74" hits="1" branch="false"/>
								<line number="75" hits="1" branch="false"/>
								<line number="77" hits="1" branch="false"/>
							</lines>
						</method>
						<method name="findById" signature="(I)Lfr/norsys/formation/locationVelo/vo/Client;" line-rate="1.0" branch-rate="1.0">
							<lines>
								<line number="46" hits="2" branch="false"/>
								<line number="47" hits="2" branch="false"/>
								<line number="48" hits="2" branch="false"/>
								<line number="49" hits="2" branch="false"/>
								<line number="50" hits="2" branch="false"/>
								<line number="51" hits="2" branch="false"/>
							</lines>
						</method>
						<method name="mapResultSetToClient" signature="(Ljava/sql/ResultSet;)Lfr/norsys/formation/locationVelo/vo/Client;" line-rate="1.0" branch-rate="1.0">
							<lines>
								<line number="56" hits="2" branch="false"/>
								<line number="57" hits="2" branch="false"/>
								<line number="58" hits="6" branch="true" condition-coverage="100 % (2/2)">
									<conditions>
										<condition number="0" type="jump" coverage="100 %"/>
									</conditions>
								</line>
								<line number="59" hits="2" branch="false"/>
								<line number="60" hits="2" branch="false"/>
								<line number="61" hits="2" branch="false"/>
								<line number="62" hits="2" branch="false"/>
								<line number="66" hits="2" branch="false"/>
							</lines>
						</method>
					</methods>
					<lines>
						<line number="16" hits="4" branch="false"/>
						<line number="17" hits="4" branch="false"/>
						<line number="18" hits="4" branch="false"/>
						<line number="23" hits="4" branch="false"/>
						<line number="24" hits="4" branch="false"/>
						<line number="25" hits="4" branch="false"/>
						<line number="29" hits="1" branch="false"/>
						<line number="31" hits="1" branch="false"/>
						<line number="32" hits="1" branch="false"/>
						<line number="33" hits="1" branch="false"/>
						<line number="34" hits="1" branch="false"/>
						<line number="35" hits="1" branch="false"/>
						<line number="41" hits="1" branch="false"/>
						<line number="46" hits="2" branch="false"/>
						<line number="47" hits="2" branch="false"/>
						<line number="48" hits="2" branch="false"/>
						<line number="49" hits="2" branch="false"/>
						<line number="50" hits="2" branch="false"/>
						<line number="51" hits="2" branch="false"/>
						<line number="56" hits="2" branch="false"/>
						<line number="57" hits="2" branch="false"/>
						<line number="58" hits="6" branch="true" condition-coverage="100 % (2/2)">
							<conditions>
								<condition number="0" type="jump" coverage="100 %"/>
							</conditions>
						</line>
						<line number="59" hits="2" branch="false"/>
						<line number="60" hits="2" branch="false"/>
						<line number="61" hits="2" branch="false"/>
						<line number="62" hits="2" branch="false"/>
						<line number="66" hits="2" branch="false"/>
						<line number="72" hits="1" branch="false"/>
						<line number="73" hits="1" branch="false"/>
						<line number="74" hits="1" branch="false"/>
						<line number="75" hits="1" branch="false"/>
						<line number="77" hits="1" branch="false"/>
					</lines>
				</class>
			</classes>
		</package>
		<package name="fr.norsys.formation.Location_velo.util" line-rate="0.8571428571428571" branch-rate="1.0" complexity="1.5">
			<classes>
				<class name="fr.norsys.formation.Location_velo.util.ApplicationContext" filename="fr/norsys/formation/Location_velo/util/ApplicationContext.java" line-rate="0.8571428571428571" branch-rate="1.0" complexity="1.5">
					<methods>
						<method name="&lt;init&gt;" signature="()V" line-rate="0.0" branch-rate="1.0">
							<lines>
								<line number="10" hits="0" branch="false"/>
							</lines>
						</method>
						<method name="getApplicationDataSource" signature="()Ljavax/sql/DataSource;" line-rate="1.0" branch-rate="1.0">
							<lines>
								<line number="15" hits="5" branch="true" condition-coverage="100 % (2/2)">
									<conditions>
										<condition number="0" type="jump" coverage="100 %"/>
									</conditions>
								</line>
								<line number="16" hits="1" branch="false"/>
								<line number="17" hits="1" branch="false"/>
								<line number="19" hits="5" branch="false"/>
							</lines>
						</method>
						<method name="getConnexion" signature="()Ljava/sql/Connection;" line-rate="1.0" branch-rate="1.0">
							<lines>
								<line number="23" hits="5" branch="false"/>
								<line number="24" hits="5" branch="false"/>
							</lines>
						</method>
					</methods>
					<lines>
						<line number="10" hits="0" branch="false"/>
						<line number="15" hits="5" branch="true" condition-coverage="100 % (2/2)">
							<conditions>
								<condition number="0" type="jump" coverage="100 %"/>
							</conditions>
						</line>
						<line number="16" hits="1" branch="false"/>
						<line number="17" hits="1" branch="false"/>
						<line number="19" hits="5" branch="false"/>
						<line number="23" hits="5" branch="false"/>
						<line number="24" hits="5" branch="false"/>
					</lines>
				</class>
			</classes>
		</package>
		<package name="fr.norsys.formation.locationVelo.service" line-rate="0.8" branch-rate="1.0" complexity="1.0">
			<classes>
				<class name="fr.norsys.formation.locationVelo.service.ClientService" filename="fr/norsys/formation/locationVelo/service/ClientService.java" line-rate="1.0" branch-rate="1.0" complexity="1.0">
					<methods>
					</methods>
					<lines>
					</lines>
				</class>
				<class name="fr.norsys.formation.locationVelo.service.ClientServiceImpl" filename="fr/norsys/formation/locationVelo/service/ClientServiceImpl.java" line-rate="0.8" branch-rate="1.0" complexity="1.0">
					<methods>
						<method name="&lt;init&gt;" signature="()V" line-rate="1.0" branch-rate="1.0">
							<lines>
								<line number="8" hits="1" branch="false"/>
							</lines>
						</method>
						<method name="findByIdClient" signature="(I)Lfr/norsys/formation/locationVelo/vo/Client;" line-rate="1.0" branch-rate="1.0">
							<lines>
								<line number="14" hits="1" branch="false"/>
							</lines>
						</method>
						<method name="getClientDAO" signature="()Lfr/norsys/formation/Location_velo/dao/ClientDAO;" line-rate="0.0" branch-rate="1.0">
							<lines>
								<line number="21" hits="0" branch="false"/>
							</lines>
						</method>
						<method name="setClientDAO" signature="(Lfr/norsys/formation/Location_velo/dao/ClientDAO;)V" line-rate="1.0" branch-rate="1.0">
							<lines>
								<line number="29" hits="1" branch="false"/>
								<line number="30" hits="1" branch="false"/>
							</lines>
						</method>
					</methods>
					<lines>
						<line number="8" hits="1" branch="false"/>
						<line number="14" hits="1" branch="false"/>
						<line number="21" hits="0" branch="false"/>
						<line number="29" hits="1" branch="false"/>
						<line number="30" hits="1" branch="false"/>
					</lines>
				</class>
			</classes>
		</package>
		<package name="fr.norsys.formation.locationVelo.vo" line-rate="1.0" branch-rate="1.0" complexity="1.0">
			<classes>
				<class name="fr.norsys.formation.locationVelo.vo.Client" filename="fr/norsys/formation/locationVelo/vo/Client.java" line-rate="1.0" branch-rate="1.0" complexity="1.0">
					<methods>
						<method name="&lt;init&gt;" signature="()V" line-rate="1.0" branch-rate="1.0">
							<lines>
								<line number="3" hits="6" branch="false"/>
							</lines>
						</method>
						<method name="getIdClient" signature="()I" line-rate="1.0" branch-rate="1.0">
							<lines>
								<line number="13" hits="4" branch="false"/>
							</lines>
						</method>
						<method name="getNom" signature="()Ljava/lang/String;" line-rate="1.0" branch-rate="1.0">
							<lines>
								<line number="25" hits="2" branch="false"/>
							</lines>
						</method>
						<method name="getTelephone" signature="()Ljava/lang/String;" line-rate="1.0" branch-rate="1.0">
							<lines>
								<line number="37" hits="1" branch="false"/>
							</lines>
						</method>
						<method name="setIdClient" signature="(I)V" line-rate="1.0" branch-rate="1.0">
							<lines>
								<line number="19" hits="4" branch="false"/>
								<line number="20" hits="4" branch="false"/>
							</lines>
						</method>
						<method name="setNom" signature="(Ljava/lang/String;)V" line-rate="1.0" branch-rate="1.0">
							<lines>
								<line number="31" hits="5" branch="false"/>
								<line number="32" hits="5" branch="false"/>
							</lines>
						</method>
						<method name="setTelephone" signature="(Ljava/lang/String;)V" line-rate="1.0" branch-rate="1.0">
							<lines>
								<line number="43" hits="4" branch="false"/>
								<line number="44" hits="4" branch="false"/>
							</lines>
						</method>
					</methods>
					<lines>
						<line number="3" hits="6" branch="false"/>
						<line number="13" hits="4" branch="false"/>
						<line number="19" hits="4" branch="false"/>
						<line number="20" hits="4" branch="false"/>
						<line number="25" hits="2" branch="false"/>
						<line number="31" hits="5" branch="false"/>
						<line number="32" hits="5" branch="false"/>
						<line number="37" hits="1" branch="false"/>
						<line number="43" hits="4" branch="false"/>
						<line number="44" hits="4" branch="false"/>
					</lines>
				</class>
				<class name="fr.norsys.formation.locationVelo.vo.Velo" filename="fr/norsys/formation/locationVelo/vo/Velo.java" line-rate="1.0" branch-rate="1.0" complexity="1.0">
					<methods>
						<method name="&lt;init&gt;" signature="()V" line-rate="1.0" branch-rate="1.0">
							<lines>
								<line number="10" hits="2" branch="false"/>
							</lines>
						</method>
						<method name="getMatricule" signature="()Ljava/lang/String;" line-rate="1.0" branch-rate="1.0">
							<lines>
								<line number="18" hits="1" branch="false"/>
							</lines>
						</method>
						<method name="setMatricule" signature="(Ljava/lang/String;)V" line-rate="1.0" branch-rate="1.0">
							<lines>
								<line number="25" hits="1" branch="false"/>
								<line number="26" hits="1" branch="false"/>
							</lines>
						</method>
					</methods>
					<lines>
						<line number="10" hits="2" branch="false"/>
						<line number="18" hits="1" branch="false"/>
						<line number="25" hits="1" branch="false"/>
						<line number="26" hits="1" branch="false"/>
					</lines>
				</class>
			</classes>
		</package>
	</packages>
</coverage>
